[23:52:19.131][CONSTRUCT][CLIENT][INFO] Starting building internal Registries
[23:52:21.587][CONSTRUCT][CLIENT][INFO] The following mods have explicit CraftTweaker support:
'botanypots' at version '7.1.39'
'crafttweaker' at version '7.1.2.510'
'excompressum' at version '4.0.5'
'exnihilosequentia' at version '1.16-20220530-185402'
'immersiveengineering' at version '1.16.5-5.1.0-148'
'immersivepetroleum' at version '3.3.0-11'
'jeitweaker' at version '1.1.0.49'
'mekanism' at version '10.1.2'
'tconstruct' at version '3.3.4.335'
[23:52:23.012][CONSTRUCT][CLIENT][ERROR] Duplicate ZenCode Name 'mods.exnihilosequentia.ZenSieveRecipe' in classes 'class net.blay09.mods.excompressum.compat.crafttweaker.builder.ZenBaseRecipe' and 'class novamachina.exnihilosequentia.common.compat.crafttweaker.builder.ZenSeiveRecipe'
[23:52:23.221][CONSTRUCT][CLIENT][INFO] Completed building internal Registries
[23:52:34.093][LOAD_REGISTRIES][CLIENT][INFO] Started loading Scripts for Loader 'mekanismcontent'!
[23:52:34.912][LOAD_REGISTRIES][CLIENT][INFO] Finished loading Scripts!
[23:52:34.912][LOAD_REGISTRIES][CLIENT][INFO] Registering 0 custom gases.
[23:52:34.927][LOAD_REGISTRIES][CLIENT][INFO] Registering 0 custom infuse types.
[23:52:34.933][LOAD_REGISTRIES][CLIENT][INFO] Registering 0 custom pigments.
[23:52:34.935][LOAD_REGISTRIES][CLIENT][INFO] Registering 0 custom robit skins.
[23:52:34.938][LOAD_REGISTRIES][CLIENT][INFO] Registering 0 custom slurries.
[23:52:39.610][COMMON_SETUP][CLIENT][INFO] Started loading Scripts for Loader 'setupCommon'!
[23:52:39.804][COMMON_SETUP][CLIENT][INFO] Finished loading Scripts!
[23:53:42.459][DONE][CLIENT][INFO] Started loading Scripts for Loader 'crafttweaker'!
[23:53:42.538][DONE][CLIENT][INFO] Loading file: 'recetteSpaceStation.zs' with priority: 10
[23:53:42.548][DONE][CLIENT][INFO] Finished loading Scripts!
[23:53:42.550][DONE][CLIENT][INFO] This reload was made possible by Quaternary and more! Become a patron at https://patreon.com/jaredlll08?s=crtmod
[23:53:51.324][DONE][CLIENT][INFO] Started loading Scripts for Loader 'crafttweaker'!
[23:53:51.394][DONE][CLIENT][INFO] Loading file: 'recetteSpaceStation.zs' with priority: 10
[23:53:51.402][DONE][CLIENT][INFO] Finished loading Scripts!
[23:53:51.403][DONE][CLIENT][INFO] This reload was made possible by WaterMoon and more! Become a patron at https://patreon.com/jaredlll08?s=crtmod
[23:54:05.422][DONE][CLIENT][INFO] Started loading Scripts for Loader 'crafttweaker'!
[23:54:05.486][DONE][CLIENT][INFO] Loading file: 'recetteSpaceStation.zs' with priority: 10
[23:54:05.494][DONE][CLIENT][INFO] Finished loading Scripts!
