[28Jun2022 12:18:12.980] [main/INFO] [cpw.mods.modlauncher.Launcher/MODLAUNCHER]: ModLauncher running: args [--username, AudricSan, --version, forge-36.2.35, --gameDir, C:\Users\audri\curseforge\minecraft\Instances\1.16.5, --assetsDir, C:\Users\audri\curseforge\minecraft\Install\assets, --assetIndex, 1.16, --uuid, 3529a25226cb4c45a7a0558f4fd68946, --accessToken, ????????, --userType, msa, --versionType, release, --width, 1024, --height, 768, --launchTarget, fmlclient, --fml.forgeVersion, 36.2.35, --fml.mcVersion, 1.16.5, --fml.forgeGroup, net.minecraftforge, --fml.mcpVersion, 20210115.111550]
[28Jun2022 12:18:12.987] [main/INFO] [cpw.mods.modlauncher.Launcher/MODLAUNCHER]: ModLauncher 8.1.3+8.1.3+main-8.1.x.c94d18ec starting: java version 1.8.0_51 by Oracle Corporation
[28Jun2022 12:18:13.001] [main/WARN] [cpw.mods.modlauncher.SecureJarHandler/]: LEGACY JDK DETECTED, SECURED JAR HANDLING DISABLED
[28Jun2022 12:18:15.684] [main/INFO] [net.minecraftforge.fml.loading.FixSSL/CORE]: Added Lets Encrypt root certificates as additional trust
[28Jun2022 12:18:15.716] [main/INFO] [mixin/]: SpongePowered MIXIN Subsystem Version=0.8.4 Source=file:/C:/Users/audri/curseforge/minecraft/Install/libraries/org/spongepowered/mixin/0.8.4/mixin-0.8.4.jar Service=ModLauncher Env=CLIENT
[28Jun2022 12:18:17.995] [main/ERROR] [mixin/]: Mixin config boss_tools.mixin.json does not specify "minVersion" property
[28Jun2022 12:18:18.042] [main/ERROR] [mixin/]: Mixin config boss_tools_giselle_addon.mixin.json does not specify "minVersion" property
[28Jun2022 12:18:18.106] [main/INFO] [mixin/]: Successfully loaded Mixin Connector [vazkii.patchouli.common.MixinConnector]
[28Jun2022 12:18:18.108] [main/INFO] [cpw.mods.modlauncher.LaunchServiceHandler/MODLAUNCHER]: Launching target 'fmlclient' with arguments [--version, forge-36.2.35, --gameDir, C:\Users\audri\curseforge\minecraft\Instances\1.16.5, --assetsDir, C:\Users\audri\curseforge\minecraft\Install\assets, --uuid, 3529a25226cb4c45a7a0558f4fd68946, --username, AudricSan, --assetIndex, 1.16, --accessToken, ????????, --userType, msa, --versionType, release, --width, 1024, --height, 768]
[28Jun2022 12:18:18.127] [main/WARN] [mixin/]: Reference map 'yungsbridges.refmap.json' for yungsbridges.mixins.json could not be read. If this is a development environment you can ignore this message
[28Jun2022 12:18:18.136] [main/WARN] [mixin/]: Reference map 'rhino-forge-refmap.json' for rhino.mixins.json could not be read. If this is a development environment you can ignore this message
[28Jun2022 12:18:18.158] [main/WARN] [mixin/]: Reference map 'createdeco.refmap.json' for createdeco.mixins.json could not be read. If this is a development environment you can ignore this message
[28Jun2022 12:18:18.160] [main/WARN] [mixin/]: Reference map 'hackforge.refmap.json' for creategears.mixins.json could not be read. If this is a development environment you can ignore this message
[28Jun2022 12:18:18.162] [main/WARN] [mixin/]: Reference map 'creategearaddon.refmap.json' for creategearaddon.mixins.json could not be read. If this is a development environment you can ignore this message
[28Jun2022 12:18:18.947] [main/INFO] [net.minecraftforge.coremod.CoreMod.placebo/COREMODLOG]: Patching ItemStack#onItemUse
[28Jun2022 12:18:19.188] [main/INFO] [net.minecraftforge.coremod.CoreMod.placebo/COREMODLOG]: Patching DataPackRegistries#<init>
[28Jun2022 12:18:19.228] [main/INFO] [net.minecraftforge.coremod.CoreMod.placebo/COREMODLOG]: Patching LivingEntity#attackEntityFrom
[28Jun2022 12:18:19.303] [main/INFO] [net.minecraftforge.coremod.CoreMod.placebo/COREMODLOG]: Patching LootTableManager#apply
[28Jun2022 12:18:20.929] [pool-3-thread-1/INFO] [net.minecraftforge.coremod.CoreMod.placebo/COREMODLOG]: Patching LivingEntity#attackEntityFrom
[28Jun2022 12:18:21.222] [pool-3-thread-1/INFO] [FerriteCore - class definer/]: Using Java 8 class definer
[28Jun2022 12:18:23.396] [pool-3-thread-1/INFO] [net.minecraftforge.coremod.CoreMod.placebo/COREMODLOG]: Patching ItemStack#onItemUse
[28Jun2022 12:18:26.476] [main/INFO] [com.mojang.authlib.yggdrasil.YggdrasilAuthenticationService/]: Environment: authHost='https://authserver.mojang.com', accountsHost='https://api.mojang.com', sessionHost='https://sessionserver.mojang.com', servicesHost='https://api.minecraftservices.com', name='PROD'
[28Jun2022 12:18:26.931] [main/INFO] [net.minecraft.client.Minecraft/]: Setting user: AudricSan
[28Jun2022 12:18:27.194] [main/INFO] [net.minecraft.client.Minecraft/]: Backend library: LWJGL version 3.2.2 build 10
